[ 2025-07-20 13:03:33,830 ] 1025 httpx - INFO - HTTP Request: POST https://dagshub.com/login/oauth/middleman "HTTP/1.1 200 OK"
[ 2025-07-20 13:03:33,987 ] 1025 httpx - INFO - HTTP Request: POST https://dagshub.com/login/oauth/access_token "HTTP/1.1 200 OK"
[ 2025-07-20 13:03:34,153 ] 1025 httpx - INFO - HTTP Request: GET https://dagshub.com/api/v1/user "HTTP/1.1 200 OK"
[ 2025-07-20 13:03:34,158 ] 107 dagshub - INFO - Accessing as megagdev
[ 2025-07-20 13:03:34,385 ] 1025 httpx - INFO - HTTP Request: GET https://dagshub.com/api/v1/repos/megagdev/networksecurity "HTTP/1.1 200 OK"
[ 2025-07-20 13:03:34,544 ] 1025 httpx - INFO - HTTP Request: GET https://dagshub.com/api/v1/user "HTTP/1.1 200 OK"
[ 2025-07-20 13:03:34,545 ] 107 dagshub - INFO - Initialized MLflow to track repo "megagdev/networksecurity"
[ 2025-07-20 13:03:34,545 ] 107 dagshub - INFO - Repository megagdev/networksecurity initialized!
[ 2025-07-20 13:03:34,546 ] 17 root - INFO - Initiate the data ingestion
[ 2025-07-20 13:03:35,454 ] 62 root - INFO - Performed train test split on the dataframe
[ 2025-07-20 13:03:35,454 ] 63 root - INFO - Exited split_data_as_train_test method of Data_Ingestion class
[ 2025-07-20 13:03:35,454 ] 67 root - INFO - Exporting train and test file path
[ 2025-07-20 13:03:35,490 ] 71 root - INFO - Exported train and test file path
[ 2025-07-20 13:03:35,490 ] 19 root - INFO - Data Initiation Completed
[ 2025-07-20 13:03:35,495 ] 23 root - INFO - Initiate the data validation
[ 2025-07-20 13:03:35,504 ] 30 root - INFO - Required number of columns: 2
[ 2025-07-20 13:03:35,504 ] 31 root - INFO - Data frame has columns: 31
[ 2025-07-20 13:03:35,504 ] 30 root - INFO - Required number of columns: 2
[ 2025-07-20 13:03:35,504 ] 31 root - INFO - Data frame has columns: 31
[ 2025-07-20 13:03:35,597 ] 25 root - INFO - data Validation Completed
[ 2025-07-20 13:03:35,597 ] 28 root - INFO - Data Transformation started
[ 2025-07-20 13:03:35,597 ] 53 root - INFO - Entered initiate_data_transformation method od DataTransformation class
[ 2025-07-20 13:03:35,608 ] 42 root - INFO - Entered get_data_transformer_object metho of Transformation class
[ 2025-07-20 13:03:35,608 ] 45 root - INFO - Initialise KNNImputer with {'missing_values': nan, 'n_neighbors': 3, 'weights': 'uniform'}
[ 2025-07-20 13:03:35,614 ] 46 root - INFO - Entered the save_object method of MainUtils class
[ 2025-07-20 13:03:35,615 ] 50 root - INFO - Exited the save_object method of MainUtils class
[ 2025-07-20 13:03:35,615 ] 31 root - INFO - Data Transformation completed
[ 2025-07-20 13:03:35,615 ] 34 root - INFO - Model Training started
[ 2025-07-20 13:06:12,909 ] 46 root - INFO - Entered the save_object method of MainUtils class
[ 2025-07-20 13:06:12,928 ] 50 root - INFO - Exited the save_object method of MainUtils class
[ 2025-07-20 13:06:12,929 ] 114 root - INFO - Model trainer artifact: ModelTrainerArtifact(trained_model_file_path='Artifacts/07_20_2025_13_03_26/model_trainer/trained_model/model.pkl', train_metric_artifact=ClassificationMetricArtifact(f1_score=0.9914461104961256, precision_score=0.9871743486973948, recall_score=0.9957550030321407), test_metric_artifact=ClassificationMetricArtifact(f1_score=0.9721311475409836, precision_score=0.9642276422764228, recall_score=0.9801652892561984))
[ 2025-07-20 13:06:12,929 ] 38 root - INFO - Model Training artifact created
